<?xml version="1.0" encoding="UTF-8"?>
<testsuite xmlns:xsi="http://www.w3.org/2001/XMLSchema-instance" xsi:noNamespaceSchemaLocation="https://maven.apache.org/surefire/maven-surefire-plugin/xsd/surefire-test-report-3.0.xsd" version="3.0" name="sorting.test.StudentSortingTest" time="0.049" tests="10" errors="0" skipped="0" failures="0">
  <properties>
    <property name="java.specification.version" value="17"/>
    <property name="sun.jnu.encoding" value="UTF-8"/>
    <property name="java.class.path" value="/home/samssiq/LEDA/Roteiro 1/R01-01-Rot-SimpleSorting-Bidirectional-Bubble-environment (1)/target/test-classes:/home/samssiq/LEDA/Roteiro 1/R01-01-Rot-SimpleSorting-Bidirectional-Bubble-environment (1)/target/classes:/home/samssiq/.m2/repository/junit/junit/4.13.1/junit-4.13.1.jar:/home/samssiq/.m2/repository/org/hamcrest/hamcrest-core/1.3/hamcrest-core-1.3.jar:"/>
    <property name="java.vm.vendor" value="Red Hat, Inc."/>
    <property name="sun.arch.data.model" value="64"/>
    <property name="java.vendor.url" value="https://www.redhat.com/"/>
    <property name="os.name" value="Linux"/>
    <property name="java.vm.specification.version" value="17"/>
    <property name="sun.java.launcher" value="SUN_STANDARD"/>
    <property name="user.country" value="BR"/>
    <property name="sun.boot.library.path" value="/usr/lib/jvm/java-17-openjdk-17.0.6.0.10-1.fc36.x86_64/lib"/>
    <property name="sun.java.command" value="/home/samssiq/LEDA/Roteiro 1/R01-01-Rot-SimpleSorting-Bidirectional-Bubble-environment (1)/target/surefire/surefirebooter-20230411234629134_3.jar /home/samssiq/LEDA/Roteiro 1/R01-01-Rot-SimpleSorting-Bidirectional-Bubble-environment (1)/target/surefire 2023-04-11T23-46-27_960-jvmRun1 surefire-20230411234629134_1tmp surefire_0-20230411234629134_2tmp"/>
    <property name="jdk.debug" value="release"/>
    <property name="surefire.test.class.path" value="/home/samssiq/LEDA/Roteiro 1/R01-01-Rot-SimpleSorting-Bidirectional-Bubble-environment (1)/target/test-classes:/home/samssiq/LEDA/Roteiro 1/R01-01-Rot-SimpleSorting-Bidirectional-Bubble-environment (1)/target/classes:/home/samssiq/.m2/repository/junit/junit/4.13.1/junit-4.13.1.jar:/home/samssiq/.m2/repository/org/hamcrest/hamcrest-core/1.3/hamcrest-core-1.3.jar:"/>
    <property name="sun.cpu.endian" value="little"/>
    <property name="user.home" value="/home/samssiq"/>
    <property name="user.language" value="pt"/>
    <property name="java.specification.vendor" value="Oracle Corporation"/>
    <property name="java.version.date" value="2023-01-17"/>
    <property name="java.home" value="/usr/lib/jvm/java-17-openjdk-17.0.6.0.10-1.fc36.x86_64"/>
    <property name="file.separator" value="/"/>
    <property name="basedir" value="/home/samssiq/LEDA/Roteiro 1/R01-01-Rot-SimpleSorting-Bidirectional-Bubble-environment (1)"/>
    <property name="java.vm.compressedOopsMode" value="32-bit"/>
    <property name="line.separator" value="&#10;"/>
    <property name="java.vm.specification.vendor" value="Oracle Corporation"/>
    <property name="java.specification.name" value="Java Platform API Specification"/>
    <property name="surefire.real.class.path" value="/home/samssiq/LEDA/Roteiro 1/R01-01-Rot-SimpleSorting-Bidirectional-Bubble-environment (1)/target/surefire/surefirebooter-20230411234629134_3.jar"/>
    <property name="sun.management.compiler" value="HotSpot 64-Bit Tiered Compilers"/>
    <property name="java.runtime.version" value="17.0.6+10"/>
    <property name="user.name" value="samssiq"/>
    <property name="path.separator" value=":"/>
    <property name="os.version" value="6.2.8-100.fc36.x86_64"/>
    <property name="java.runtime.name" value="OpenJDK Runtime Environment"/>
    <property name="file.encoding" value="UTF-8"/>
    <property name="java.vm.name" value="OpenJDK 64-Bit Server VM"/>
    <property name="java.vendor.version" value="(Red_Hat-17.0.6.0.10-1.fc36)"/>
    <property name="localRepository" value="/home/samssiq/.m2/repository"/>
    <property name="java.vendor.url.bug" value="https://bugzilla.redhat.com/enter_bug.cgi?product=Fedora&amp;component=java-17-openjdk&amp;version=36"/>
    <property name="java.io.tmpdir" value="/tmp"/>
    <property name="java.version" value="17.0.6"/>
    <property name="user.dir" value="/home/samssiq/LEDA/Roteiro 1/R01-01-Rot-SimpleSorting-Bidirectional-Bubble-environment (1)"/>
    <property name="os.arch" value="amd64"/>
    <property name="java.vm.specification.name" value="Java Virtual Machine Specification"/>
    <property name="native.encoding" value="UTF-8"/>
    <property name="java.library.path" value="/usr/java/packages/lib:/usr/lib64:/lib64:/lib:/usr/lib"/>
    <property name="java.vm.info" value="mixed mode, sharing"/>
    <property name="java.vendor" value="Red Hat, Inc."/>
    <property name="java.vm.version" value="17.0.6+10"/>
    <property name="sun.io.unicode.encoding" value="UnicodeLittle"/>
    <property name="java.class.version" value="61.0"/>
  </properties>
  <testcase name="testSort01" classname="sorting.test.StudentSortingTest" time="0.003"/>
  <testcase name="testSort02" classname="sorting.test.StudentSortingTest" time="0"/>
  <testcase name="testSort03" classname="sorting.test.StudentSortingTest" time="0"/>
  <testcase name="testSort04" classname="sorting.test.StudentSortingTest" time="0"/>
  <testcase name="testSort05" classname="sorting.test.StudentSortingTest" time="0"/>
  <testcase name="testSort06" classname="sorting.test.StudentSortingTest" time="0"/>
  <testcase name="testSort07" classname="sorting.test.StudentSortingTest" time="0"/>
  <testcase name="testSort08" classname="sorting.test.StudentSortingTest" time="0"/>
  <testcase name="testSort09" classname="sorting.test.StudentSortingTest" time="0.001"/>
  <testcase name="testSort10" classname="sorting.test.StudentSortingTest" time="0"/>
</testsuite>